<?xml version="1.0" encoding="UTF-8"?>
<!-- Generated by org.testng.reporters.JUnitReportReporter -->
<testsuite hostname="maryam" failures="0" tests="1" name="ContactFormTest" time="32.757" errors="0" timestamp="2025-04-12T16:46:47 EET" skipped="0">
  <testcase classname="ContactFormTest" name="testContactForm" time="32.757"/>
  <system-out/>
</testsuite> <!-- ContactFormTest -->
