<?xml version="1.0" encoding="UTF-8"?>
<!-- Generated by org.testng.reporters.JUnitReportReporter -->
<testsuite hostname="maryam" failures="0" tests="1" name="Categories_Logo" time="13.654" errors="0" timestamp="2025-04-12T16:46:47 EET" skipped="0">
  <testcase classname="Categories_Logo" name="testCategories" time="13.654"/>
  <system-out/>
</testsuite> <!-- Categories_Logo -->
