<?xml version="1.0" encoding="UTF-8"?>
<!-- Generated by org.testng.reporters.JUnitReportReporter -->
<testsuite hostname="maryam" failures="0" tests="1" name="AboutOpenningClossingFunctionality" time="5.053" errors="0" timestamp="2025-04-12T16:46:47 EET" skipped="0">
  <testcase classname="AboutOpenningClossingFunctionality" name="TestAboutOpenningClossingFunctionality" time="5.053"/>
  <system-out/>
</testsuite> <!-- AboutOpenningClossingFunctionality -->
