<?xml version="1.0" encoding="UTF-8"?>
<!-- Generated by org.testng.reporters.JUnitReportReporter -->
<testsuite hostname="maryam" failures="0" tests="1" name="DeleteOrder" time="37.282" errors="0" timestamp="2025-04-12T16:46:47 EET" skipped="0">
  <testcase classname="DeleteOrder" name="testCategories" time="37.282"/>
  <system-out/>
</testsuite> <!-- DeleteOrder -->
