<?xml version="1.0" encoding="UTF-8"?>
<!-- Generated by org.testng.reporters.JUnitReportReporter -->
<testsuite hostname="maryam" failures="0" tests="1" name="PriceValidation" time="11.376" errors="0" timestamp="2025-04-12T16:46:47 EET" skipped="0">
  <testcase classname="PriceValidation" name="testCartTotal" time="11.376"/>
  <system-out/>
</testsuite> <!-- PriceValidation -->
