<?xml version="1.0" encoding="UTF-8"?>
<!-- Generated by org.testng.reporters.JUnitReportReporter -->
<testsuite hostname="gowano" failures="0" tests="1" name="TestSlideNext" time="13.551" errors="0" timestamp="2025-04-12T05:03:29 EET" skipped="0">
  <testcase classname="TestSlideNext" name="TestSlideNext" time="13.551"/>
  <system-out/>
</testsuite> <!-- TestSlideNext -->
