<?xml version="1.0" encoding="UTF-8"?>
<!-- Generated by org.testng.reporters.JUnitReportReporter -->
<testsuite hostname="gowano" failures="0" tests="1" name="DeleteOrder" time="20.024" errors="0" timestamp="2025-04-12T17:55:08 EET" skipped="0">
  <testcase classname="DeleteOrder" name="testCategories" time="20.024"/>
  <system-out/>
</testsuite> <!-- DeleteOrder -->
