<?xml version="1.0" encoding="UTF-8"?>
<!-- Generated by org.testng.reporters.JUnitReportReporter -->
<testsuite hostname="gowano" failures="0" tests="1" name="NextPreviousButtonsFunctionality" time="2.591" errors="0" timestamp="2025-04-12T04:53:25 EET" skipped="0">
  <testcase classname="NextPreviousButtonsFunctionality" name="testNextPreviousButtonsFunctionality" time="2.591"/>
  <system-out/>
</testsuite> <!-- NextPreviousButtonsFunctionality -->
