<?xml version="1.0" encoding="UTF-8"?>
<!-- Generated by org.testng.reporters.JUnitReportReporter -->
<testsuite hostname="gowano" failures="0" tests="1" name="LoginWithReport" time="57.899" errors="0" timestamp="2025-04-12T05:28:41 EET" skipped="0">
  <testcase classname="LoginWithReport" name="loginTest" time="57.899"/>
  <system-out/>
</testsuite> <!-- LoginWithReport -->
