<?xml version="1.0" encoding="UTF-8"?>
<!-- Generated by org.testng.reporters.JUnitReportReporter -->
<testsuite hostname="gowano" failures="0" tests="1" name="AboutOpenningClossingFunctionality" time="3.091" errors="0" timestamp="2025-04-12T05:03:29 EET" skipped="0">
  <testcase classname="AboutOpenningClossingFunctionality" name="TestAboutOpenningClossingFunctionality" time="3.091"/>
  <system-out/>
</testsuite> <!-- AboutOpenningClossingFunctionality -->
