<?xml version="1.0" encoding="UTF-8"?>
<!-- Generated by org.testng.reporters.JUnitReportReporter -->
<testsuite hostname="gowano" failures="0" tests="1" name="PriceValidation" time="12.077" errors="0" timestamp="2025-04-12T18:01:59 EET" skipped="0">
  <testcase classname="PriceValidation" name="testCartTotal" time="12.077"/>
  <system-out/>
</testsuite> <!-- PriceValidation -->
